This is pdfTeX, Version 3.14159265-2.6-1.40.21 (TeX Live 2020/Debian) (preloaded format=pdflatex 2021.7.8)  9 JUL 2021 02:36
entering extended mode
 restricted \write18 enabled.
 %&-line parsing enabled.
**mfdoc.tex
(./mfdoc.tex
LaTeX2e <2020-10-01> patch level 4
L3 programming layer <2021-01-09> xparse <2020-03-03>
(/usr/share/texlive/texmf-dist/tex/latex/base/article.cls
Document Class: article 2020/04/10 v1.4m Standard LaTeX document class
(/usr/share/texlive/texmf-dist/tex/latex/base/size12.clo
File: size12.clo 2020/04/10 v1.4m Standard LaTeX file (size option)
)
\c@part=\count177
\c@section=\count178
\c@subsection=\count179
\c@subsubsection=\count180
\c@paragraph=\count181
\c@subparagraph=\count182
\c@figure=\count183
\c@table=\count184
\abovecaptionskip=\skip47
\belowcaptionskip=\skip48
\bibindent=\dimen138
)
(/usr/share/texlive/texmf-dist/tex/latex/geometry/geometry.sty
Package: geometry 2020/01/02 v5.9 Page Geometry

(/usr/share/texlive/texmf-dist/tex/latex/graphics/keyval.sty
Package: keyval 2014/10/28 v1.15 key=value parser (DPC)
\KV@toks@=\toks15
)
(/usr/share/texlive/texmf-dist/tex/generic/iftex/ifvtex.sty
Package: ifvtex 2019/10/25 v1.7 ifvtex legacy package. Use iftex instead.

(/usr/share/texlive/texmf-dist/tex/generic/iftex/iftex.sty
Package: iftex 2020/03/06 v1.0d TeX engine tests
))
\Gm@cnth=\count185
\Gm@cntv=\count186
\c@Gm@tempcnt=\count187
\Gm@bindingoffset=\dimen139
\Gm@wd@mp=\dimen140
\Gm@odd@mp=\dimen141
\Gm@even@mp=\dimen142
\Gm@layoutwidth=\dimen143
\Gm@layoutheight=\dimen144
\Gm@layouthoffset=\dimen145
\Gm@layoutvoffset=\dimen146
\Gm@dimlist=\toks16
)
(/usr/share/texlive/texmf-dist/tex/latex/graphics/graphicx.sty
Package: graphicx 2020/09/09 v1.2b Enhanced LaTeX Graphics (DPC,SPQR)

(/usr/share/texlive/texmf-dist/tex/latex/graphics/graphics.sty
Package: graphics 2020/08/30 v1.4c Standard LaTeX Graphics (DPC,SPQR)

(/usr/share/texlive/texmf-dist/tex/latex/graphics/trig.sty
Package: trig 2016/01/03 v1.10 sin cos tan (DPC)
)
(/usr/share/texlive/texmf-dist/tex/latex/graphics-cfg/graphics.cfg
File: graphics.cfg 2016/06/04 v1.11 sample graphics configuration
)
Package graphics Info: Driver file: pdftex.def on input line 105.

(/usr/share/texlive/texmf-dist/tex/latex/graphics-def/pdftex.def
File: pdftex.def 2020/10/05 v1.2a Graphics/color driver for pdftex
))
\Gin@req@height=\dimen147
\Gin@req@width=\dimen148
)
(/usr/share/texlive/texmf-dist/tex/latex/caption/caption.sty
Package: caption 2020/10/26 v3.5g Customizing captions (AR)

(/usr/share/texlive/texmf-dist/tex/latex/caption/caption3.sty
Package: caption3 2020/10/21 v2.2e caption3 kernel (AR)
\captionmargin=\dimen149
\captionmargin@=\dimen150
\captionwidth=\dimen151
\caption@tempdima=\dimen152
\caption@indent=\dimen153
\caption@parindent=\dimen154
\caption@hangindent=\dimen155
Package caption Info: Standard document class detected.
)
\c@caption@flags=\count188
\c@continuedfloat=\count189
)
(/usr/share/texlive/texmf-dist/tex/latex/graphics/color.sty
Package: color 2020/02/24 v1.2b Standard LaTeX Color (DPC)

(/usr/share/texlive/texmf-dist/tex/latex/graphics-cfg/color.cfg
File: color.cfg 2016/01/02 v1.6 sample color configuration
)
Package color Info: Driver file: pdftex.def on input line 147.
)
(/usr/share/texlive/texmf-dist/tex/latex/l3backend/l3backend-pdftex.def
File: l3backend-pdftex.def 2020-01-29 L3 backend support: PDF output (pdfTeX)
\l__color_backend_stack_int=\count190
\l__pdf_internal_box=\box47
)
(./mfdoc.aux)
\openout1 = `mfdoc.aux'.

LaTeX Font Info:    Checking defaults for OML/cmm/m/it on input line 7.
LaTeX Font Info:    ... okay on input line 7.
LaTeX Font Info:    Checking defaults for OMS/cmsy/m/n on input line 7.
LaTeX Font Info:    ... okay on input line 7.
LaTeX Font Info:    Checking defaults for OT1/cmr/m/n on input line 7.
LaTeX Font Info:    ... okay on input line 7.
LaTeX Font Info:    Checking defaults for T1/cmr/m/n on input line 7.
LaTeX Font Info:    ... okay on input line 7.
LaTeX Font Info:    Checking defaults for TS1/cmr/m/n on input line 7.
LaTeX Font Info:    ... okay on input line 7.
LaTeX Font Info:    Checking defaults for OMX/cmex/m/n on input line 7.
LaTeX Font Info:    ... okay on input line 7.
LaTeX Font Info:    Checking defaults for U/cmr/m/n on input line 7.
LaTeX Font Info:    ... okay on input line 7.

*geometry* driver: auto-detecting
*geometry* detected driver: pdftex
*geometry* verbose mode - [ preamble ] result:
* driver: pdftex
* paper: a4paper
* layout: <same size as paper>
* layoutoffset:(h,v)=(0.0pt,0.0pt)
* modes: 
* h-part:(L,W,R)=(56.9055pt, 483.69687pt, 56.9055pt)
* v-part:(T,H,B)=(56.9055pt, 731.23584pt, 56.9055pt)
* \paperwidth=597.50787pt
* \paperheight=845.04684pt
* \textwidth=483.69687pt
* \textheight=731.23584pt
* \oddsidemargin=-15.36449pt
* \evensidemargin=-15.36449pt
* \topmargin=-52.36449pt
* \headheight=12.0pt
* \headsep=25.0pt
* \topskip=12.0pt
* \footskip=30.0pt
* \marginparwidth=35.0pt
* \marginparsep=10.0pt
* \columnsep=10.0pt
* \skip\footins=10.8pt plus 4.0pt minus 2.0pt
* \hoffset=0.0pt
* \voffset=0.0pt
* \mag=1000
* \@twocolumnfalse
* \@twosidefalse
* \@mparswitchfalse
* \@reversemarginfalse
* (1in=72.27pt=25.4mm, 1cm=28.453pt)

(/usr/share/texlive/texmf-dist/tex/context/base/mkii/supp-pdf.mkii
[Loading MPS to PDF converter (version 2006.09.02).]
\scratchcounter=\count191
\scratchdimen=\dimen156
\scratchbox=\box48
\nofMPsegments=\count192
\nofMParguments=\count193
\everyMPshowfont=\toks17
\MPscratchCnt=\count194
\MPscratchDim=\dimen157
\MPnumerator=\count195
\makeMPintoPDFobject=\count196
\everyMPtoPDFconversion=\toks18
) (/usr/share/texlive/texmf-dist/tex/latex/epstopdf-pkg/epstopdf-base.sty
Package: epstopdf-base 2020-01-24 v2.11 Base part for package epstopdf
Package epstopdf-base Info: Redefining graphics rule for `.eps' on input line 4
85.

(/usr/share/texlive/texmf-dist/tex/latex/latexconfig/epstopdf-sys.cfg
File: epstopdf-sys.cfg 2010/07/13 v1.3 Configuration of (r)epstopdf for TeX Liv
e
))
Package caption Info: Begin \AtBeginDocument code.
Package caption Info: End \AtBeginDocument code.


! LaTeX Error: Environment !figure undefined.

See the LaTeX manual or LaTeX Companion for explanation.
Type  H <return>  for immediate help.
 ...                                              
                                                  
l.10 \begin{!figure}
                    [h]
Your command was ignored.
Type  I <command> <return>  to replace it with another command,
or  <return>  to continue without it.

<iitm.png, id=1, 225.84375pt x 225.84375pt>
File: iitm.png Graphic file (type png)
<use iitm.png>
Package pdftex.def Info: iitm.png  used on input line 12.
(pdftex.def)             Requested size: 483.69687pt x 483.75916pt.

! Package caption Error: \caption outside float.

See the caption package documentation for explanation.
Type  H <return>  for immediate help.
 ...                                              
                                                  
l.13 \caption
             {\textit{\color{red}{Indian Institute of Technology, Madras}}}
If you do not understand this error, please take a closer look
at the documentation of the `caption' package, especially the
section about errors.
Try typing  <return>  to proceed.
If that doesn't work, type  X <return>  to quit.

! Extra }, or forgotten \endgroup.
\@endfloatbox ...pagefalse \outer@nobreak \egroup 
                                                  \color@endbox 
l.15 \end{figure}
                 
I've deleted a group-closing symbol because it seems to be
spurious, as in `$x}$'. But perhaps the } is legitimate and
you forgot something else, as in `\hbox{$x}'. In such cases
the way to recover is to insert both the forgotten and the
deleted material, e.g., by typing `I$}'.

! Too many }'s.
\color@endbox ->\color@endgroup \egroup 
                                        
l.15 \end{figure}
                 
You've closed more groups than you opened.
Such booboos are generally harmless, so keep going.


! LaTeX Error: \begin{document} ended by \end{figure}.

See the LaTeX manual or LaTeX Companion for explanation.
Type  H <return>  for immediate help.
 ...                                              
                                                  
l.15 \end{figure}
                 
Your command was ignored.
Type  I <command> <return>  to replace it with another command,
or  <return>  to continue without it.

! Extra \endgroup.
<recently read> \endgroup 
                          
l.15 \end{figure}
                 
Things are pretty mixed up, but I think the worst is over.

[1

{/var/lib/texmf/fonts/map/pdftex/updmap/pdftex.map} <./iitm.png>]
LaTeX Font Info:    External font `cmex10' loaded for size
(Font)              <14.4> on input line 22.
LaTeX Font Info:    External font `cmex10' loaded for size
(Font)              <7> on input line 22.

(./mfdoc.toc
LaTeX Font Info:    External font `cmex10' loaded for size
(Font)              <12> on input line 3.
LaTeX Font Info:    External font `cmex10' loaded for size
(Font)              <8> on input line 3.
LaTeX Font Info:    External font `cmex10' loaded for size
(Font)              <6> on input line 3.
)
\tf@toc=\write3
\openout3 = `mfdoc.toc'.

 (./mfdoc.lof)
\tf@lof=\write4
\openout4 = `mfdoc.lof'.

 (./mfdoc.lot)
\tf@lot=\write5
\openout5 = `mfdoc.lot'.


Overfull \hbox (10.30338pt too wide) in paragraph at lines 31--34
\OT1/cmtt/m/n/12 This is my first course in Scientific computing.It was an eye-
opening course and
 []


Overfull \hbox (58.36038pt too wide) in paragraph at lines 31--34
\OT1/cmtt/m/n/12 blessed to learn this course under the guidance of the Proffes
or []\OT1/cmtt/m/it/12 Dr.Gandham Phanikumar![] 
 []


Overfull \hbox (13.7452pt too wide) in paragraph at lines 41--43
\OT1/cmr/m/n/12 serted one more ta-ble 1[] in this doc-u-ment just to check au-
to-matic num-ber-ing [[]]. 
 []

[2]
Package epstopdf Info: Source file: <schematic1.eps>
(epstopdf)                    date: 2021-07-08 23:47:59
(epstopdf)                    size: 11563 bytes
(epstopdf)             Output file: <schematic1-eps-converted-to.pdf>
(epstopdf)                    date: 2021-07-09 00:01:47
(epstopdf)                    size: 7684 bytes
(epstopdf)             Command: <repstopdf --outfile=schematic1-eps-converted-t
o.pdf schematic1.eps>
(epstopdf)             \includegraphics on input line 69.
Package epstopdf Info: Output file is already uptodate.
<schematic1-eps-converted-to.pdf, id=22, 266.9975pt x 347.2975pt>
File: schematic1-eps-converted-to.pdf Graphic file (type pdf)
<use schematic1-eps-converted-to.pdf>
Package pdftex.def Info: schematic1-eps-converted-to.pdf  used on input line 69
.
(pdftex.def)             Requested size: 133.49841pt x 173.64832pt.
Package epstopdf Info: Source file: <fig1.eps>
(epstopdf)                    date: 2021-07-08 23:48:03
(epstopdf)                    size: 14498 bytes
(epstopdf)             Output file: <fig1-eps-converted-to.pdf>
(epstopdf)                    date: 2021-07-09 00:01:48
(epstopdf)                    size: 6134 bytes
(epstopdf)             Command: <repstopdf --outfile=fig1-eps-converted-to.pdf 
fig1.eps>
(epstopdf)             \includegraphics on input line 78.
Package epstopdf Info: Output file is already uptodate.
<fig1-eps-converted-to.pdf, id=23, 294.09875pt x 369.38pt>
File: fig1-eps-converted-to.pdf Graphic file (type pdf)
<use fig1-eps-converted-to.pdf>
Package pdftex.def Info: fig1-eps-converted-to.pdf  used on input line 78.
(pdftex.def)             Requested size: 147.04901pt x 184.68954pt.
 [3 <./schematic1-eps-converted-to.pdf> <./fig1-eps-converted-to.pdf>]
(./mfdoc.bbl) [4] (./mfdoc.aux)

LaTeX Warning: Label(s) may have changed. Rerun to get cross-references right.

 ) 
Here is how much of TeX's memory you used:
 3091 strings out of 479304
 51719 string characters out of 5869780
 337701 words of memory out of 5000000
 20279 multiletter control sequences out of 15000+600000
 409918 words of font info for 49 fonts, out of 8000000 for 9000
 1141 hyphenation exceptions out of 8191
 68i,8n,74p,384b,329s stack positions out of 5000i,500n,10000p,200000b,80000s
{/usr/share/texmf/fonts/enc/dvips/cm-super/cm-super-ts1.enc}</usr/share/texli
ve/texmf-dist/fonts/type1/public/amsfonts/cm/cmbx12.pfb></usr/share/texlive/tex
mf-dist/fonts/type1/public/amsfonts/cm/cmex10.pfb></usr/share/texlive/texmf-dis
t/fonts/type1/public/amsfonts/cm/cmitt10.pfb></usr/share/texlive/texmf-dist/fon
ts/type1/public/amsfonts/cm/cmmi12.pfb></usr/share/texlive/texmf-dist/fonts/typ
e1/public/amsfonts/cm/cmmi8.pfb></usr/share/texlive/texmf-dist/fonts/type1/publ
ic/amsfonts/cm/cmr12.pfb></usr/share/texlive/texmf-dist/fonts/type1/public/amsf
onts/cm/cmr17.pfb></usr/share/texlive/texmf-dist/fonts/type1/public/amsfonts/cm
/cmr8.pfb></usr/share/texlive/texmf-dist/fonts/type1/public/amsfonts/cm/cmsy8.p
fb></usr/share/texlive/texmf-dist/fonts/type1/public/amsfonts/cm/cmti12.pfb></u
sr/share/texlive/texmf-dist/fonts/type1/public/amsfonts/cm/cmtt12.pfb></usr/sha
re/texmf/fonts/type1/public/cm-super/sfrm1200.pfb>
Output written on mfdoc.pdf (4 pages, 139801 bytes).
PDF statistics:
 81 PDF objects out of 1000 (max. 8388607)
 55 compressed objects within 1 object stream
 0 named destinations out of 1000 (max. 500000)
 16 words of extra memory for PDF output out of 10000 (max. 10000000)

